<?xml version="1.0" encoding="UTF-8"?>
<!-- Generated by org.testng.reporters.JUnitXMLReporter -->
<testsuite ignored="0" hostname="Huangs-MacBook-Air.local" failures="0" tests="4" name="Default test" time="127.533" errors="0" timestamp="2024-08-05T21:49:36 SGT">
  <testcase classname="controllers.NewTest" name="findByClassName" time="0.068"/>
  <testcase classname="controllers.NewTest" name="findByCssSelector" time="0.214"/>
  <testcase classname="controllers.NewTest" name="findById" time="0.068"/>
  <testcase classname="controllers.NewTest" name="findByName" time="0.103"/>
</testsuite> <!-- Default test -->
