<?xml version="1.0" encoding="UTF-8"?>
<!-- Generated by org.testng.reporters.JUnitXMLReporter -->
<testsuite ignored="0" hostname="Huangs-MacBook-Air.local" failures="0" tests="4" name="Test" time="79.128" errors="0" timestamp="2024-08-05T22:01:06 SGT">
  <testcase classname="controllers.NewTest" name="findByClassName" time="0.118"/>
  <testcase classname="controllers.NewTest" name="findByCssSelector" time="0.051"/>
  <testcase classname="controllers.NewTest" name="findById" time="0.177"/>
  <testcase classname="controllers.NewTest" name="findByName" time="0.032"/>
</testsuite> <!-- Test -->
