<?xml version="1.0" encoding="UTF-8"?>
<testng-results ignored="0" total="4" passed="4" failed="0" skipped="0">
  <reporter-output>
  </reporter-output>
  <suite started-at="2024-08-05T21:59:47 SGT" name="Suite" finished-at="2024-08-05T22:01:06 SGT" duration-ms="79128">
    <groups>
    </groups>
    <test started-at="2024-08-05T21:59:47 SGT" name="Test" finished-at="2024-08-05T22:01:06 SGT" duration-ms="79128">
      <class name="controllers.NewTest">
        <test-method is-config="true" signature="beforeTest()[pri:0, instance:controllers.NewTest@5965d37]" started-at="2024-08-05T21:59:47 SGT" name="beforeTest" finished-at="2024-08-05T21:59:52 SGT" duration-ms="5138" status="PASS">
          <reporter-output>
          </reporter-output>
        </test-method> <!-- beforeTest -->
        <test-method is-config="true" signature="beforeMethod()[pri:0, instance:controllers.NewTest@5965d37]" started-at="2024-08-05T21:59:52 SGT" name="beforeMethod" finished-at="2024-08-05T22:00:13 SGT" duration-ms="20935" status="PASS">
          <reporter-output>
          </reporter-output>
        </test-method> <!-- beforeMethod -->
        <test-method signature="findByClassName()[pri:0, instance:controllers.NewTest@5965d37]" started-at="2024-08-05T22:00:13 SGT" name="findByClassName" finished-at="2024-08-05T22:00:13 SGT" duration-ms="118" status="PASS">
          <reporter-output>
          </reporter-output>
        </test-method> <!-- findByClassName -->
        <test-method is-config="true" signature="beforeMethod()[pri:0, instance:controllers.NewTest@5965d37]" started-at="2024-08-05T22:00:13 SGT" name="beforeMethod" finished-at="2024-08-05T22:00:27 SGT" duration-ms="13534" status="PASS">
          <reporter-output>
          </reporter-output>
        </test-method> <!-- beforeMethod -->
        <test-method signature="findByCssSelector()[pri:0, instance:controllers.NewTest@5965d37]" started-at="2024-08-05T22:00:27 SGT" name="findByCssSelector" finished-at="2024-08-05T22:00:27 SGT" duration-ms="51" status="PASS">
          <reporter-output>
          </reporter-output>
        </test-method> <!-- findByCssSelector -->
        <test-method is-config="true" signature="beforeMethod()[pri:0, instance:controllers.NewTest@5965d37]" started-at="2024-08-05T22:00:27 SGT" name="beforeMethod" finished-at="2024-08-05T22:00:38 SGT" duration-ms="11217" status="PASS">
          <reporter-output>
          </reporter-output>
        </test-method> <!-- beforeMethod -->
        <test-method signature="findById()[pri:0, instance:controllers.NewTest@5965d37]" started-at="2024-08-05T22:00:38 SGT" name="findById" finished-at="2024-08-05T22:00:38 SGT" duration-ms="177" status="PASS">
          <reporter-output>
          </reporter-output>
        </test-method> <!-- findById -->
        <test-method is-config="true" signature="beforeMethod()[pri:0, instance:controllers.NewTest@5965d37]" started-at="2024-08-05T22:00:38 SGT" name="beforeMethod" finished-at="2024-08-05T22:01:06 SGT" duration-ms="27381" status="PASS">
          <reporter-output>
          </reporter-output>
        </test-method> <!-- beforeMethod -->
        <test-method signature="findByName()[pri:0, instance:controllers.NewTest@5965d37]" started-at="2024-08-05T22:01:06 SGT" name="findByName" finished-at="2024-08-05T22:01:06 SGT" duration-ms="32" status="PASS">
          <reporter-output>
          </reporter-output>
        </test-method> <!-- findByName -->
        <test-method is-config="true" signature="afterTest()[pri:0, instance:controllers.NewTest@5965d37]" started-at="2024-08-05T22:01:06 SGT" name="afterTest" finished-at="2024-08-05T22:01:06 SGT" duration-ms="526" status="PASS">
          <reporter-output>
          </reporter-output>
        </test-method> <!-- afterTest -->
      </class> <!-- controllers.NewTest -->
    </test> <!-- Test -->
  </suite> <!-- Suite -->
</testng-results>
